# JRE version: Java(TM) SE Runtime Environment (17.0.12+8) (build 17.0.12+8-LTS-286)
# Java VM: Java HotSpot(TM) 64-Bit Server VM (17.0.12+8-LTS-286, mixed mode, sharing, tiered, compressed oops, compressed class ptrs, g1 gc, windows-amd64)
GC Precious Log:
 CPUs: 8 total, 8 available
 Memory: 7987M
 Large Page Support: Disabled
 NUMA Support: Disabled
 Compressed Oops: Enabled (32-bit)
 Heap Region Size: 1M
 Heap Min Capacity: 8M
 Heap Initial Capacity: 126M
 Heap Max Capacity: 2G
 Pre-touch: Disabled
 Parallel Workers: 8
 Concurrent Workers: 2
 Concurrent Refinement Workers: 8
 Periodic GC: Disabled
Heap:
 garbage-first heap   total 232448K, used 144232K [0x0000000080000000, 0x0000000100000000)
  region size 1024K, 8 young (8192K), 8 survivors (8192K)
 Metaspace       used 104719K, committed 105728K, reserved 557056K
  class space    used 14643K, committed 15104K, reserved 425984K
GC Heap History (20 events):
Event: 20.514 GC heap after
{Heap after GC invocations=41 (full 0):
 garbage-first heap   total 189440K, used 114493K [0x0000000080000000, 0x0000000100000000)
  region size 1024K, 3 young (3072K), 3 survivors (3072K)
 Metaspace       used 92717K, committed 93632K, reserved 557056K
  class space    used 12844K, committed 13248K, reserved 425984K
}
Event: 21.035 GC heap before
{Heap before GC invocations=41 (full 0):
 garbage-first heap   total 189440K, used 159549K [0x0000000080000000, 0x0000000100000000)
  region size 1024K, 46 young (47104K), 3 survivors (3072K)
 Metaspace       used 95606K, committed 96512K, reserved 557056K
  class space    used 13352K, committed 13760K, reserved 425984K
}
Event: 21.038 GC heap after
{Heap after GC invocations=42 (full 0):
 garbage-first heap   total 189440K, used 115035K [0x0000000080000000, 0x0000000100000000)
  region size 1024K, 3 young (3072K), 3 survivors (3072K)
 Metaspace       used 95606K, committed 96512K, reserved 557056K
  class space    used 13352K, committed 13760K, reserved 425984K
}
Event: 21.532 GC heap before
{Heap before GC invocations=42 (full 0):
 garbage-first heap   total 189440K, used 160091K [0x0000000080000000, 0x0000000100000000)
  region size 1024K, 47 young (48128K), 3 survivors (3072K)
 Metaspace       used 98424K, committed 99328K, reserved 557056K
  class space    used 13733K, committed 14144K, reserved 425984K
}
Event: 21.535 GC heap after
{Heap after GC invocations=43 (full 0):
 garbage-first heap   total 189440K, used 116468K [0x0000000080000000, 0x0000000100000000)
  region size 1024K, 5 young (5120K), 5 survivors (5120K)
 Metaspace       used 98424K, committed 99328K, reserved 557056K
  class space    used 13733K, committed 14144K, reserved 425984K
}
Event: 21.773 GC heap before
{Heap before GC invocations=43 (full 0):
 garbage-first heap   total 189440K, used 133876K [0x0000000080000000, 0x0000000100000000)
  region size 1024K, 23 young (23552K), 5 survivors (5120K)
 Metaspace       used 99485K, committed 100416K, reserved 557056K
  class space    used 13886K, committed 14336K, reserved 425984K
}
Event: 21.778 GC heap after
{Heap after GC invocations=44 (full 0):
 garbage-first heap   total 189440K, used 117524K [0x0000000080000000, 0x0000000100000000)
  region size 1024K, 4 young (4096K), 4 survivors (4096K)
 Metaspace       used 99485K, committed 100416K, reserved 557056K
  class space    used 13886K, committed 14336K, reserved 425984K
}
Event: 22.433 GC heap before
{Heap before GC invocations=45 (full 0):
 garbage-first heap   total 208896K, used 159508K [0x0000000080000000, 0x0000000100000000)
  region size 1024K, 45 young (46080K), 4 survivors (4096K)
 Metaspace       used 100604K, committed 101568K, reserved 557056K
  class space    used 14104K, committed 14528K, reserved 425984K
}
Event: 22.441 GC heap after
{Heap after GC invocations=46 (full 0):
 garbage-first heap   total 208896K, used 120769K [0x0000000080000000, 0x0000000100000000)
  region size 1024K, 6 young (6144K), 6 survivors (6144K)
 Metaspace       used 100604K, committed 101568K, reserved 557056K
  class space    used 14104K, committed 14528K, reserved 425984K
}
Event: 22.500 GC heap before
{Heap before GC invocations=46 (full 0):
 garbage-first heap   total 208896K, used 124865K [0x0000000080000000, 0x0000000100000000)
  region size 1024K, 10 young (10240K), 6 survivors (6144K)
 Metaspace       used 100798K, committed 101824K, reserved 557056K
  class space    used 14133K, committed 14592K, reserved 425984K
}
Event: 22.506 GC heap after
{Heap after GC invocations=47 (full 0):
 garbage-first heap   total 208896K, used 118748K [0x0000000080000000, 0x0000000100000000)
  region size 1024K, 1 young (1024K), 1 survivors (1024K)
 Metaspace       used 100798K, committed 101824K, reserved 557056K
  class space    used 14133K, committed 14592K, reserved 425984K
}
Event: 23.346 GC heap before
{Heap before GC invocations=47 (full 0):
 garbage-first heap   total 208896K, used 175068K [0x0000000080000000, 0x0000000100000000)
  region size 1024K, 56 young (57344K), 1 survivors (1024K)
 Metaspace       used 104485K, committed 105472K, reserved 557056K
  class space    used 14620K, committed 15104K, reserved 425984K
}
Event: 23.352 GC heap after
{Heap after GC invocations=48 (full 0):
 garbage-first heap   total 208896K, used 125841K [0x0000000080000000, 0x0000000100000000)
  region size 1024K, 7 young (7168K), 7 survivors (7168K)
 Metaspace       used 104485K, committed 105472K, reserved 557056K
  class space    used 14620K, committed 15104K, reserved 425984K
}
Event: 23.637 GC heap before
{Heap before GC invocations=49 (full 0):
 garbage-first heap   total 232448K, used 172945K [0x0000000080000000, 0x0000000100000000)
  region size 1024K, 54 young (55296K), 7 survivors (7168K)
 Metaspace       used 104563K, committed 105600K, reserved 557056K
  class space    used 14620K, committed 15104K, reserved 425984K
}
Event: 23.643 GC heap after
{Heap after GC invocations=50 (full 0):
 garbage-first heap   total 232448K, used 129770K [0x0000000080000000, 0x0000000100000000)
  region size 1024K, 5 young (5120K), 5 survivors (5120K)
 Metaspace       used 104563K, committed 105600K, reserved 557056K
  class space    used 14620K, committed 15104K, reserved 425984K
}
Event: 23.665 GC heap before
{Heap before GC invocations=50 (full 0):
 garbage-first heap   total 232448K, used 134890K [0x0000000080000000, 0x0000000100000000)
  region size 1024K, 11 young (11264K), 5 survivors (5120K)
 Metaspace       used 104563K, committed 105600K, reserved 557056K
  class space    used 14620K, committed 15104K, reserved 425984K
}
Event: 23.670 GC heap after
{Heap after GC invocations=51 (full 0):
 garbage-first heap   total 232448K, used 128357K [0x0000000080000000, 0x0000000100000000)
  region size 1024K, 2 young (2048K), 2 survivors (2048K)
 Metaspace       used 104563K, committed 105600K, reserved 557056K
  class space    used 14620K, committed 15104K, reserved 425984K
}
Event: 23.892 GC heap before
{Heap before GC invocations=51 (full 0):
 garbage-first heap   total 232448K, used 189797K [0x0000000080000000, 0x0000000100000000)
  region size 1024K, 63 young (64512K), 2 survivors (2048K)
 Metaspace       used 104565K, committed 105600K, reserved 557056K
  class space    used 14620K, committed 15104K, reserved 425984K
}
Event: 23.896 GC heap after
{Heap after GC invocations=52 (full 0):
 garbage-first heap   total 232448K, used 131178K [0x0000000080000000, 0x0000000100000000)
  region size 1024K, 5 young (5120K), 5 survivors (5120K)
 Metaspace       used 104565K, committed 105600K, reserved 557056K
  class space    used 14620K, committed 15104K, reserved 425984K
}
Event: 24.416 GC heap before
{Heap before GC invocations=52 (full 0):
 garbage-first heap   total 232448K, used 195690K [0x0000000080000000, 0x0000000100000000)
  region size 1024K, 64 young (65536K), 5 survivors (5120K)
 Metaspace       used 104719K, committed 105728K, reserved 557056K
  class space    used 14643K, committed 15104K, reserved 425984K
}

